Warning: Scenario scenarioSS is not configured for hold analysis: skipping. (UIC-058)
****************************************
Report : timing
        -path_type full
        -delay_type min
        -max_paths 1
        -report_by design
Design : BlockGemm
Version: U-2022.12-SP6
Date   : Tue Oct 15 01:54:00 2024
****************************************

  Startpoint: gemm_array/mesh/mesh_0_0/keep_output_reg (rising edge-triggered flip-flop clocked by SYS_CLK)
  Endpoint: needs_add_c_reg (rising edge-triggered flip-flop clocked by SYS_CLK)
  Mode: mode1
  Corner: cornerFF
  Scenario: scenarioFF
  Path Group: SYS_CLK
  Path Type: min

  Point                                            Incr      Path  
  ------------------------------------------------------------------------
  clock SYS_CLK (rise edge)                        0.00      0.00
  clock network delay (propagated)                 0.30      0.30

  gemm_array/mesh/mesh_0_0/keep_output_reg/CP (SDFCNQD0HPBWP)
                                                   0.00      0.30 r
  gemm_array/mesh/mesh_0_0/keep_output_reg/Q (SDFCNQD0HPBWP)
                                                   0.16      0.45 f
  gemm_array/mesh/ctmi_108127/ZN (IAO21D2HPBWP)    0.05      0.50 r
  ctmi_6970/Z (CKAN2D2HPBWP)                       0.13      0.64 r
  ctmi_6971/ZN (AOI21D0HPBWP)                      0.05      0.68 f
  place_optcopt_h_inst_172976/Z (CKBD0HPBWP)       0.04      0.73 f
  place_optcopt_h_inst_172977/Z (CKBD0HPBWP)       0.04      0.77 f
  needs_add_c_reg/D (SDFSND0HPBWP)                 0.00      0.77 f
  data arrival time                                          0.77

  clock SYS_CLK (rise edge)                        0.00      0.00
  clock network delay (propagated)                 0.85      0.85
  needs_add_c_reg/CP (SDFSND0HPBWP)                0.00      0.85 r
  library hold time                                0.03      0.88
  data required time                                         0.88
  ------------------------------------------------------------------------
  data required time                                         0.88
  data arrival time                                         -0.77
  ------------------------------------------------------------------------
  slack (VIOLATED)                                          -0.11


1
